<html>
<head>
<title>TestNG:  Test</title>
<link href="../testng.css" rel="stylesheet" type="text/css" />
<link href="../my-testng.css" rel="stylesheet" type="text/css" />

<style type="text/css">
.log { display: none;} 
.stack-trace { display: none;} 
</style>
<script type="text/javascript">
<!--
function flip(e) {
  current = e.style.display;
  if (current == 'block') {
    e.style.display = 'none';
    return 0;
  }
  else {
    e.style.display = 'block';
    return 1;
  }
}

function toggleBox(szDivId, elem, msg1, msg2)
{
  var res = -1;  if (document.getElementById) {
    res = flip(document.getElementById(szDivId));
  }
  else if (document.all) {
    // this is the way old msie versions work
    res = flip(document.all[szDivId]);
  }
  if(elem) {
    if(res == 0) elem.innerHTML = msg1; else elem.innerHTML = msg2;
  }

}

function toggleAllBoxes() {
  if (document.getElementsByTagName) {
    d = document.getElementsByTagName('div');
    for (i = 0; i < d.length; i++) {
      if (d[i].className == 'log') {
        flip(d[i]);
      }
    }
  }
}

// -->
</script>

</head>
<body>
<h2 align='center'>Test</h2><table border='1' align="center">
<tr>
<td>Tests passed/Failed/Skipped:</td><td>12/2/0</td>
</tr><tr>
<td>Started on:</td><td>Tue May 26 16:04:12 IST 2020</td>
</tr>
<tr><td>Total time:</td><td>2336 seconds (2336210 ms)</td>
</tr><tr>
<td>Included groups:</td><td></td>
</tr><tr>
<td>Excluded groups:</td><td></td>
</tr>
</table><p/>
<small><i>(Hover the method name to see the test class name)</i></small><p/>
<table width='100%' border='1' class='invocation-failed'>
<tr><td colspan='4' align='center'><b>FAILED TESTS</b></td></tr>
<tr><td><b>Test method</b></td>
<td width="30%"><b>Exception</b></td>
<td width="10%"><b>Time (seconds)</b></td>
<td><b>Instance</b></td>
</tr>
<tr>
<td title='com.ude.portalen.testcases.TC_UDEMA_1987.send_Absence_Msg_To_Teacher()'><b>send_Absence_Msg_To_Teacher</b><br>Test class: com.ude.portalen.testcases.TC_UDEMA_1987</td>
<td><div><pre>org.openqa.selenium.NoSuchSessionException: Session ID is null. Using WebDriver after calling quit()?
Build info: version: &apos;3.12.0&apos;, revision: &apos;7c6e0b3&apos;, time: &apos;2018-05-08T14:04:26.12Z&apos;
System info: host: &apos;UDE-CGIs-MacBook-Air.local&apos;, ip: &apos;fd58:bad4:8bc6:9200:bdb4:7dcb:c466:5c8e%en0&apos;, os.name: &apos;Mac OS X&apos;, os.arch: &apos;x86_64&apos;, os.version: &apos;10.14.5&apos;, java.version: &apos;1.8.0_241&apos;
Driver info: driver.version: RemoteWebDriver
	at org.openqa.selenium.remote.HttpCommandExecutor.execute(HttpCommandExecutor.java:125)
	at io.appium.java_client.remote.AppiumCommandExecutor.execute(AppiumCommandExecutor.java:231)
	at org.openqa.selenium.remote.RemoteWebDriver.execute(RemoteWebDriver.java:543)
	at io.appium.java_client.DefaultGenericMobileDriver.execute(DefaultGenericMobileDriver.java:46)
	at io.appium.java_client.AppiumDriver.execute(AppiumDriver.java:1)
	at io.appium.java_client.android.AndroidDriver.execute(AndroidDriver.java:1)
	at org.openqa.selenium.remote.RemoteWebDriver.getScreenshotAs(RemoteWebDriver.java:289)
	at com.ude.portalen.generic.Base_Class.captureScreenExtent(Base_Class.java:166)
	at com.ude.portalen.testcases.TC_UDEMA_1987.send_Absence_Msg_To_Teacher(TC_UDEMA_1987.java:142)
	at java.util.ArrayList.forEach(ArrayList.java:1257)
... Removed 27 stack frames</pre></div><a href='#' onClick='toggleBox("stack-trace964931693", this, "Click to show all stack frames", "Click to hide stack frames")'>Click to show all stack frames</a>
<div class='stack-trace' id='stack-trace964931693'><pre>org.openqa.selenium.NoSuchSessionException: Session ID is null. Using WebDriver after calling quit()?
Build info: version: &apos;3.12.0&apos;, revision: &apos;7c6e0b3&apos;, time: &apos;2018-05-08T14:04:26.12Z&apos;
System info: host: &apos;UDE-CGIs-MacBook-Air.local&apos;, ip: &apos;fd58:bad4:8bc6:9200:bdb4:7dcb:c466:5c8e%en0&apos;, os.name: &apos;Mac OS X&apos;, os.arch: &apos;x86_64&apos;, os.version: &apos;10.14.5&apos;, java.version: &apos;1.8.0_241&apos;
Driver info: driver.version: RemoteWebDriver
	at org.openqa.selenium.remote.HttpCommandExecutor.execute(HttpCommandExecutor.java:125)
	at io.appium.java_client.remote.AppiumCommandExecutor.execute(AppiumCommandExecutor.java:231)
	at org.openqa.selenium.remote.RemoteWebDriver.execute(RemoteWebDriver.java:543)
	at io.appium.java_client.DefaultGenericMobileDriver.execute(DefaultGenericMobileDriver.java:46)
	at io.appium.java_client.AppiumDriver.execute(AppiumDriver.java:1)
	at io.appium.java_client.android.AndroidDriver.execute(AndroidDriver.java:1)
	at org.openqa.selenium.remote.RemoteWebDriver.getScreenshotAs(RemoteWebDriver.java:289)
	at com.ude.portalen.generic.Base_Class.captureScreenExtent(Base_Class.java:166)
	at com.ude.portalen.testcases.TC_UDEMA_1987.send_Absence_Msg_To_Teacher(TC_UDEMA_1987.java:142)
	at sun.reflect.NativeMethodAccessorImpl.invoke0(Native Method)
	at sun.reflect.NativeMethodAccessorImpl.invoke(NativeMethodAccessorImpl.java:62)
	at sun.reflect.DelegatingMethodAccessorImpl.invoke(DelegatingMethodAccessorImpl.java:43)
	at java.lang.reflect.Method.invoke(Method.java:498)
	at org.testng.internal.MethodInvocationHelper.invokeMethod(MethodInvocationHelper.java:133)
	at org.testng.internal.TestInvoker.invokeMethod(TestInvoker.java:584)
	at org.testng.internal.TestInvoker.invokeTestMethod(TestInvoker.java:172)
	at org.testng.internal.MethodRunner.runInSequence(MethodRunner.java:46)
	at org.testng.internal.TestInvoker$MethodInvocationAgent.invoke(TestInvoker.java:804)
	at org.testng.internal.TestInvoker.invokeTestMethods(TestInvoker.java:145)
	at org.testng.internal.TestMethodWorker.invokeTestMethods(TestMethodWorker.java:146)
	at org.testng.internal.TestMethodWorker.run(TestMethodWorker.java:128)
	at java.util.ArrayList.forEach(ArrayList.java:1257)
	at org.testng.TestRunner.privateRun(TestRunner.java:770)
	at org.testng.TestRunner.run(TestRunner.java:591)
	at org.testng.SuiteRunner.runTest(SuiteRunner.java:402)
	at org.testng.SuiteRunner.runSequentially(SuiteRunner.java:396)
	at org.testng.SuiteRunner.privateRun(SuiteRunner.java:355)
	at org.testng.SuiteRunner.run(SuiteRunner.java:304)
	at org.testng.SuiteRunnerWorker.runSuite(SuiteRunnerWorker.java:53)
	at org.testng.SuiteRunnerWorker.run(SuiteRunnerWorker.java:96)
	at org.testng.TestNG.runSuitesSequentially(TestNG.java:1180)
	at org.testng.TestNG.runSuitesLocally(TestNG.java:1102)
	at org.testng.TestNG.runSuites(TestNG.java:1032)
	at org.testng.TestNG.run(TestNG.java:1000)
	at org.testng.remote.AbstractRemoteTestNG.run(AbstractRemoteTestNG.java:115)
	at org.testng.remote.RemoteTestNG.initAndRun(RemoteTestNG.java:251)
	at org.testng.remote.RemoteTestNG.main(RemoteTestNG.java:77)
</pre></div></td>
<td>92</td>
<td>com.ude.portalen.testcases.TC_UDEMA_1987@5e82df6a</td></tr>
<tr>
<td title='com.ude.portalen.testcases.TC_UDEMA_1984.send_Receive_New_Msg_Parent_to_Teacher()'><b>send_Receive_New_Msg_Parent_to_Teacher</b><br>Test class: com.ude.portalen.testcases.TC_UDEMA_1984</td>
<td><div><pre>org.openqa.selenium.NoSuchSessionException: Session ID is null. Using WebDriver after calling quit()?
Build info: version: &apos;3.12.0&apos;, revision: &apos;7c6e0b3&apos;, time: &apos;2018-05-08T14:04:26.12Z&apos;
System info: host: &apos;UDE-CGIs-MacBook-Air.local&apos;, ip: &apos;fd58:bad4:8bc6:9200:bdb4:7dcb:c466:5c8e%en0&apos;, os.name: &apos;Mac OS X&apos;, os.arch: &apos;x86_64&apos;, os.version: &apos;10.14.5&apos;, java.version: &apos;1.8.0_241&apos;
Driver info: driver.version: RemoteWebDriver
	at org.openqa.selenium.remote.HttpCommandExecutor.execute(HttpCommandExecutor.java:125)
	at io.appium.java_client.remote.AppiumCommandExecutor.execute(AppiumCommandExecutor.java:231)
	at org.openqa.selenium.remote.RemoteWebDriver.execute(RemoteWebDriver.java:543)
	at io.appium.java_client.DefaultGenericMobileDriver.execute(DefaultGenericMobileDriver.java:46)
	at io.appium.java_client.AppiumDriver.execute(AppiumDriver.java:1)
	at io.appium.java_client.android.AndroidDriver.execute(AndroidDriver.java:1)
	at org.openqa.selenium.remote.RemoteWebDriver.getScreenshotAs(RemoteWebDriver.java:289)
	at com.ude.portalen.generic.Base_Class.captureScreenExtent(Base_Class.java:166)
	at com.ude.portalen.testcases.TC_UDEMA_1984.send_Receive_New_Msg_Parent_to_Teacher(TC_UDEMA_1984.java:1023)
	at java.util.ArrayList.forEach(ArrayList.java:1257)
... Removed 27 stack frames</pre></div><a href='#' onClick='toggleBox("stack-trace655584901", this, "Click to show all stack frames", "Click to hide stack frames")'>Click to show all stack frames</a>
<div class='stack-trace' id='stack-trace655584901'><pre>org.openqa.selenium.NoSuchSessionException: Session ID is null. Using WebDriver after calling quit()?
Build info: version: &apos;3.12.0&apos;, revision: &apos;7c6e0b3&apos;, time: &apos;2018-05-08T14:04:26.12Z&apos;
System info: host: &apos;UDE-CGIs-MacBook-Air.local&apos;, ip: &apos;fd58:bad4:8bc6:9200:bdb4:7dcb:c466:5c8e%en0&apos;, os.name: &apos;Mac OS X&apos;, os.arch: &apos;x86_64&apos;, os.version: &apos;10.14.5&apos;, java.version: &apos;1.8.0_241&apos;
Driver info: driver.version: RemoteWebDriver
	at org.openqa.selenium.remote.HttpCommandExecutor.execute(HttpCommandExecutor.java:125)
	at io.appium.java_client.remote.AppiumCommandExecutor.execute(AppiumCommandExecutor.java:231)
	at org.openqa.selenium.remote.RemoteWebDriver.execute(RemoteWebDriver.java:543)
	at io.appium.java_client.DefaultGenericMobileDriver.execute(DefaultGenericMobileDriver.java:46)
	at io.appium.java_client.AppiumDriver.execute(AppiumDriver.java:1)
	at io.appium.java_client.android.AndroidDriver.execute(AndroidDriver.java:1)
	at org.openqa.selenium.remote.RemoteWebDriver.getScreenshotAs(RemoteWebDriver.java:289)
	at com.ude.portalen.generic.Base_Class.captureScreenExtent(Base_Class.java:166)
	at com.ude.portalen.testcases.TC_UDEMA_1984.send_Receive_New_Msg_Parent_to_Teacher(TC_UDEMA_1984.java:1023)
	at sun.reflect.NativeMethodAccessorImpl.invoke0(Native Method)
	at sun.reflect.NativeMethodAccessorImpl.invoke(NativeMethodAccessorImpl.java:62)
	at sun.reflect.DelegatingMethodAccessorImpl.invoke(DelegatingMethodAccessorImpl.java:43)
	at java.lang.reflect.Method.invoke(Method.java:498)
	at org.testng.internal.MethodInvocationHelper.invokeMethod(MethodInvocationHelper.java:133)
	at org.testng.internal.TestInvoker.invokeMethod(TestInvoker.java:584)
	at org.testng.internal.TestInvoker.invokeTestMethod(TestInvoker.java:172)
	at org.testng.internal.MethodRunner.runInSequence(MethodRunner.java:46)
	at org.testng.internal.TestInvoker$MethodInvocationAgent.invoke(TestInvoker.java:804)
	at org.testng.internal.TestInvoker.invokeTestMethods(TestInvoker.java:145)
	at org.testng.internal.TestMethodWorker.invokeTestMethods(TestMethodWorker.java:146)
	at org.testng.internal.TestMethodWorker.run(TestMethodWorker.java:128)
	at java.util.ArrayList.forEach(ArrayList.java:1257)
	at org.testng.TestRunner.privateRun(TestRunner.java:770)
	at org.testng.TestRunner.run(TestRunner.java:591)
	at org.testng.SuiteRunner.runTest(SuiteRunner.java:402)
	at org.testng.SuiteRunner.runSequentially(SuiteRunner.java:396)
	at org.testng.SuiteRunner.privateRun(SuiteRunner.java:355)
	at org.testng.SuiteRunner.run(SuiteRunner.java:304)
	at org.testng.SuiteRunnerWorker.runSuite(SuiteRunnerWorker.java:53)
	at org.testng.SuiteRunnerWorker.run(SuiteRunnerWorker.java:96)
	at org.testng.TestNG.runSuitesSequentially(TestNG.java:1180)
	at org.testng.TestNG.runSuitesLocally(TestNG.java:1102)
	at org.testng.TestNG.runSuites(TestNG.java:1032)
	at org.testng.TestNG.run(TestNG.java:1000)
	at org.testng.remote.AbstractRemoteTestNG.run(AbstractRemoteTestNG.java:115)
	at org.testng.remote.RemoteTestNG.initAndRun(RemoteTestNG.java:251)
	at org.testng.remote.RemoteTestNG.main(RemoteTestNG.java:77)
</pre></div></td>
<td>103</td>
<td>com.ude.portalen.testcases.TC_UDEMA_1984@3f197a46</td></tr>
</table><p>
<table width='100%' border='1' class='invocation-passed'>
<tr><td colspan='4' align='center'><b>PASSED TESTS</b></td></tr>
<tr><td><b>Test method</b></td>
<td width="30%"><b>Exception</b></td>
<td width="10%"><b>Time (seconds)</b></td>
<td><b>Instance</b></td>
</tr>
<tr>
<td title='com.ude.portalen.testcases.TC_UDEMA_1989.login_As_Parent()'><b>login_As_Parent</b><br>Test class: com.ude.portalen.testcases.TC_UDEMA_1989</td>
<td></td>
<td>96</td>
<td>com.ude.portalen.testcases.TC_UDEMA_1989@1139b2f3</td></tr>
<tr>
<td title='com.ude.portalen.testcases.TC_UDEMA_1989.login_As_Student()'><b>login_As_Student</b><br>Test class: com.ude.portalen.testcases.TC_UDEMA_1989</td>
<td></td>
<td>88</td>
<td>com.ude.portalen.testcases.TC_UDEMA_1989@1139b2f3</td></tr>
<tr>
<td title='com.ude.portalen.testcases.TC_UDEMA_1989.login_As_Teacher()'><b>login_As_Teacher</b><br>Test class: com.ude.portalen.testcases.TC_UDEMA_1989</td>
<td></td>
<td>86</td>
<td>com.ude.portalen.testcases.TC_UDEMA_1989@1139b2f3</td></tr>
<tr>
<td title='com.ude.portalen.testcases.TC_UDEMA_1986.send_Receive_New_Message_to_Teacher()'><b>send_Receive_New_Message_to_Teacher</b><br>Test class: com.ude.portalen.testcases.TC_UDEMA_1986</td>
<td></td>
<td>105</td>
<td>com.ude.portalen.testcases.TC_UDEMA_1986@7a69b07</td></tr>
<tr>
<td title='com.ude.portalen.testcases.TC_UDEMA_1984.send_Receive_New_Message_to_Teacher()'><b>send_Receive_New_Message_to_Teacher</b><br>Test class: com.ude.portalen.testcases.TC_UDEMA_1984</td>
<td></td>
<td>203</td>
<td>com.ude.portalen.testcases.TC_UDEMA_1984@3f197a46</td></tr>
<tr>
<td title='com.ude.portalen.testcases.TC_UDEMA_1984.send_Receive_New_Message_with_Lesebekreftelse()'><b>send_Receive_New_Message_with_Lesebekreftelse</b><br>Test class: com.ude.portalen.testcases.TC_UDEMA_1984</td>
<td></td>
<td>239</td>
<td>com.ude.portalen.testcases.TC_UDEMA_1984@3f197a46</td></tr>
<tr>
<td title='com.ude.portalen.testcases.TC_UDEMA_1984.send_Receive_New_Message_with_Spørsmål()'><b>send_Receive_New_Message_with_Spørsmål</b><br>Test class: com.ude.portalen.testcases.TC_UDEMA_1984</td>
<td></td>
<td>245</td>
<td>com.ude.portalen.testcases.TC_UDEMA_1984@3f197a46</td></tr>
<tr>
<td title='com.ude.portalen.testcases.TC_UDEMA_1986.send_Receive_New_Message_with_Svar_Av()'><b>send_Receive_New_Message_with_Svar_Av</b><br>Test class: com.ude.portalen.testcases.TC_UDEMA_1986</td>
<td></td>
<td>124</td>
<td>com.ude.portalen.testcases.TC_UDEMA_1986@7a69b07</td></tr>
<tr>
<td title='com.ude.portalen.testcases.TC_UDEMA_1984.send_Receive_New_Message_with_Svar_Av()'><b>send_Receive_New_Message_with_Svar_Av</b><br>Test class: com.ude.portalen.testcases.TC_UDEMA_1984</td>
<td></td>
<td>344</td>
<td>com.ude.portalen.testcases.TC_UDEMA_1984@3f197a46</td></tr>
<tr>
<td title='com.ude.portalen.testcases.TC_UDEMA_1986.send_Receive_New_Msg_Parent_to_Teacher()'><b>send_Receive_New_Msg_Parent_to_Teacher</b><br>Test class: com.ude.portalen.testcases.TC_UDEMA_1986</td>
<td></td>
<td>108</td>
<td>com.ude.portalen.testcases.TC_UDEMA_1986@7a69b07</td></tr>
<tr>
<td title='com.ude.portalen.testcases.TC_UDEMA_1984.send_Receive_New_SMS_melding()'><b>send_Receive_New_SMS_melding</b><br>Test class: com.ude.portalen.testcases.TC_UDEMA_1984</td>
<td></td>
<td>369</td>
<td>com.ude.portalen.testcases.TC_UDEMA_1984@3f197a46</td></tr>
<tr>
<td title='com.ude.portalen.testcases.TC_UDEMA_1984.send_Receive_New_SMS_versal()'><b>send_Receive_New_SMS_versal</b><br>Test class: com.ude.portalen.testcases.TC_UDEMA_1984</td>
<td></td>
<td>127</td>
<td>com.ude.portalen.testcases.TC_UDEMA_1984@3f197a46</td></tr>
</table><p>
</body>
</html>