<?xml version="1.0" encoding="UTF-8"?>
<testng-results skipped="0" failed="3" ignored="0" total="9" passed="6">
  <reporter-output>
  </reporter-output>
  <suite name="PushNotifications" duration-ms="1193859" started-at="2020-06-19T09:59:32 IST" finished-at="2020-06-19T10:19:26 IST">
    <groups>
    </groups>
    <test name="Notifications" duration-ms="1193859" started-at="2020-06-19T09:59:32 IST" finished-at="2020-06-19T10:19:26 IST">
      <class name="com.ude.portalen.testcases.TC_UDEMA_1983">
        <test-method status="FAIL" signature="Parent_Receive_Push_Notification()[pri:0, instance:com.ude.portalen.testcases.TC_UDEMA_1983@1817d444]" name="Parent_Receive_Push_Notification" duration-ms="70806" started-at="2020-06-19T09:59:32 IST" finished-at="2020-06-19T10:00:43 IST">
          <exception class="java.lang.NullPointerException">
            <full-stacktrace>
              <![CDATA[java.lang.NullPointerException
at com.ude.portalen.generic.Base_Class.captureScreenExtent(Base_Class.java:186)
at com.ude.portalen.testcases.TC_UDEMA_1983.Parent_Receive_Push_Notification(TC_UDEMA_1983.java:148)
at sun.reflect.NativeMethodAccessorImpl.invoke0(Native Method)
at sun.reflect.NativeMethodAccessorImpl.invoke(NativeMethodAccessorImpl.java:62)
at sun.reflect.DelegatingMethodAccessorImpl.invoke(DelegatingMethodAccessorImpl.java:43)
at java.lang.reflect.Method.invoke(Method.java:498)
at org.testng.internal.MethodInvocationHelper.invokeMethod(MethodInvocationHelper.java:133)
at org.testng.internal.TestInvoker.invokeMethod(TestInvoker.java:584)
at org.testng.internal.TestInvoker.invokeTestMethod(TestInvoker.java:172)
at org.testng.internal.MethodRunner.runInSequence(MethodRunner.java:46)
at org.testng.internal.TestInvoker$MethodInvocationAgent.invoke(TestInvoker.java:804)
at org.testng.internal.TestInvoker.invokeTestMethods(TestInvoker.java:145)
at org.testng.internal.TestMethodWorker.invokeTestMethods(TestMethodWorker.java:146)
at org.testng.internal.TestMethodWorker.run(TestMethodWorker.java:128)
at java.util.ArrayList.forEach(ArrayList.java:1255)
at org.testng.TestRunner.privateRun(TestRunner.java:770)
at org.testng.TestRunner.run(TestRunner.java:591)
at org.testng.SuiteRunner.runTest(SuiteRunner.java:402)
at org.testng.SuiteRunner.runSequentially(SuiteRunner.java:396)
at org.testng.SuiteRunner.privateRun(SuiteRunner.java:355)
at org.testng.SuiteRunner.run(SuiteRunner.java:304)
at org.testng.SuiteRunnerWorker.runSuite(SuiteRunnerWorker.java:53)
at org.testng.SuiteRunnerWorker.run(SuiteRunnerWorker.java:96)
at org.testng.TestNG.runSuitesSequentially(TestNG.java:1180)
at org.testng.TestNG.runSuitesLocally(TestNG.java:1102)
at org.testng.TestNG.runSuites(TestNG.java:1032)
at org.testng.TestNG.run(TestNG.java:1000)
at org.testng.remote.AbstractRemoteTestNG.run(AbstractRemoteTestNG.java:115)
at org.testng.remote.RemoteTestNG.initAndRun(RemoteTestNG.java:251)
at org.testng.remote.RemoteTestNG.main(RemoteTestNG.java:77)
]]>
            </full-stacktrace>
          </exception> <!-- java.lang.NullPointerException -->
          <reporter-output>
          </reporter-output>
        </test-method> <!-- Parent_Receive_Push_Notification -->
        <test-method status="PASS" signature="tearDown()[pri:0, instance:com.ude.portalen.testcases.TC_UDEMA_1983@1817d444]" name="tearDown" is-config="true" duration-ms="7" started-at="2020-06-19T10:00:43 IST" finished-at="2020-06-19T10:00:43 IST">
          <reporter-output>
          </reporter-output>
        </test-method> <!-- tearDown -->
        <test-method status="PASS" signature="Student_Receive_Push_Notification()[pri:0, instance:com.ude.portalen.testcases.TC_UDEMA_1983@1817d444]" name="Student_Receive_Push_Notification" duration-ms="94265" started-at="2020-06-19T10:00:43 IST" finished-at="2020-06-19T10:02:18 IST">
          <reporter-output>
          </reporter-output>
        </test-method> <!-- Student_Receive_Push_Notification -->
        <test-method status="PASS" signature="tearDown()[pri:0, instance:com.ude.portalen.testcases.TC_UDEMA_1983@1817d444]" name="tearDown" is-config="true" duration-ms="1738" started-at="2020-06-19T10:02:18 IST" finished-at="2020-06-19T10:02:19 IST">
          <reporter-output>
          </reporter-output>
        </test-method> <!-- tearDown -->
        <test-method status="PASS" signature="teacher_Receive_Push_Notification()[pri:0, instance:com.ude.portalen.testcases.TC_UDEMA_1983@1817d444]" name="teacher_Receive_Push_Notification" duration-ms="140624" started-at="2020-06-19T10:02:19 IST" finished-at="2020-06-19T10:04:40 IST">
          <reporter-output>
          </reporter-output>
        </test-method> <!-- teacher_Receive_Push_Notification -->
        <test-method status="PASS" signature="tearDown()[pri:0, instance:com.ude.portalen.testcases.TC_UDEMA_1983@1817d444]" name="tearDown" is-config="true" duration-ms="2" started-at="2020-06-19T10:04:40 IST" finished-at="2020-06-19T10:04:40 IST">
          <reporter-output>
          </reporter-output>
        </test-method> <!-- tearDown -->
      </class> <!-- com.ude.portalen.testcases.TC_UDEMA_1983 -->
      <class name="com.ude.portalen.testcases.TC_UDEMA_1985_New">
        <test-method status="FAIL" signature="Parent_Receive_Push_Notification()[pri:0, instance:com.ude.portalen.testcases.TC_UDEMA_1985_New@6ca8564a]" name="Parent_Receive_Push_Notification" duration-ms="60316" started-at="2020-06-19T10:04:40 IST" finished-at="2020-06-19T10:05:40 IST">
          <exception class="org.openqa.selenium.NoSuchSessionException">
            <message>
              <![CDATA[Session ID is null. Using WebDriver after calling quit()?
Build info: version: '3.12.0', revision: '7c6e0b3', time: '2018-05-08T14:04:26.12Z'
System info: host: 'Manjunaths-MacBook-Air.local', ip: 'fe80:0:0:0:c8e:9407:8b33:f291%en0', os.name: 'Mac OS X', os.arch: 'x86_64', os.version: '10.15.3', java.version: '1.8.0_151'
Driver info: driver.version: RemoteWebDriver]]>
            </message>
            <full-stacktrace>
              <![CDATA[org.openqa.selenium.NoSuchSessionException: Session ID is null. Using WebDriver after calling quit()?
Build info: version: '3.12.0', revision: '7c6e0b3', time: '2018-05-08T14:04:26.12Z'
System info: host: 'Manjunaths-MacBook-Air.local', ip: 'fe80:0:0:0:c8e:9407:8b33:f291%en0', os.name: 'Mac OS X', os.arch: 'x86_64', os.version: '10.15.3', java.version: '1.8.0_151'
Driver info: driver.version: RemoteWebDriver
at org.openqa.selenium.remote.HttpCommandExecutor.execute(HttpCommandExecutor.java:125)
at io.appium.java_client.remote.AppiumCommandExecutor.execute(AppiumCommandExecutor.java:231)
at org.openqa.selenium.remote.RemoteWebDriver.execute(RemoteWebDriver.java:543)
at io.appium.java_client.DefaultGenericMobileDriver.execute(DefaultGenericMobileDriver.java:46)
at io.appium.java_client.AppiumDriver.execute(AppiumDriver.java:1)
at io.appium.java_client.android.AndroidDriver.execute(AndroidDriver.java:1)
at org.openqa.selenium.remote.RemoteWebDriver.getScreenshotAs(RemoteWebDriver.java:289)
at com.ude.portalen.generic.Base_Class.captureScreenExtent(Base_Class.java:186)
at com.ude.portalen.testcases.TC_UDEMA_1985_New.Parent_Receive_Push_Notification(TC_UDEMA_1985_New.java:152)
at sun.reflect.NativeMethodAccessorImpl.invoke0(Native Method)
at sun.reflect.NativeMethodAccessorImpl.invoke(NativeMethodAccessorImpl.java:62)
at sun.reflect.DelegatingMethodAccessorImpl.invoke(DelegatingMethodAccessorImpl.java:43)
at java.lang.reflect.Method.invoke(Method.java:498)
at org.testng.internal.MethodInvocationHelper.invokeMethod(MethodInvocationHelper.java:133)
at org.testng.internal.TestInvoker.invokeMethod(TestInvoker.java:584)
at org.testng.internal.TestInvoker.invokeTestMethod(TestInvoker.java:172)
at org.testng.internal.MethodRunner.runInSequence(MethodRunner.java:46)
at org.testng.internal.TestInvoker$MethodInvocationAgent.invoke(TestInvoker.java:804)
at org.testng.internal.TestInvoker.invokeTestMethods(TestInvoker.java:145)
at org.testng.internal.TestMethodWorker.invokeTestMethods(TestMethodWorker.java:146)
at org.testng.internal.TestMethodWorker.run(TestMethodWorker.java:128)
at java.util.ArrayList.forEach(ArrayList.java:1255)
at org.testng.TestRunner.privateRun(TestRunner.java:770)
at org.testng.TestRunner.run(TestRunner.java:591)
at org.testng.SuiteRunner.runTest(SuiteRunner.java:402)
at org.testng.SuiteRunner.runSequentially(SuiteRunner.java:396)
at org.testng.SuiteRunner.privateRun(SuiteRunner.java:355)
at org.testng.SuiteRunner.run(SuiteRunner.java:304)
at org.testng.SuiteRunnerWorker.runSuite(SuiteRunnerWorker.java:53)
at org.testng.SuiteRunnerWorker.run(SuiteRunnerWorker.java:96)
at org.testng.TestNG.runSuitesSequentially(TestNG.java:1180)
at org.testng.TestNG.runSuitesLocally(TestNG.java:1102)
at org.testng.TestNG.runSuites(TestNG.java:1032)
at org.testng.TestNG.run(TestNG.java:1000)
at org.testng.remote.AbstractRemoteTestNG.run(AbstractRemoteTestNG.java:115)
at org.testng.remote.RemoteTestNG.initAndRun(RemoteTestNG.java:251)
at org.testng.remote.RemoteTestNG.main(RemoteTestNG.java:77)
]]>
            </full-stacktrace>
          </exception> <!-- org.openqa.selenium.NoSuchSessionException -->
          <reporter-output>
          </reporter-output>
        </test-method> <!-- Parent_Receive_Push_Notification -->
        <test-method status="PASS" signature="tearDown()[pri:0, instance:com.ude.portalen.testcases.TC_UDEMA_1985_New@6ca8564a]" name="tearDown" is-config="true" duration-ms="2001" started-at="2020-06-19T10:05:40 IST" finished-at="2020-06-19T10:05:42 IST">
          <reporter-output>
          </reporter-output>
        </test-method> <!-- tearDown -->
        <test-method status="PASS" signature="Student_Receive_Push_Notification()[pri:0, instance:com.ude.portalen.testcases.TC_UDEMA_1985_New@6ca8564a]" name="Student_Receive_Push_Notification" duration-ms="195516" started-at="2020-06-19T10:05:42 IST" finished-at="2020-06-19T10:08:58 IST">
          <reporter-output>
          </reporter-output>
        </test-method> <!-- Student_Receive_Push_Notification -->
        <test-method status="PASS" signature="tearDown()[pri:0, instance:com.ude.portalen.testcases.TC_UDEMA_1985_New@6ca8564a]" name="tearDown" is-config="true" duration-ms="2" started-at="2020-06-19T10:08:58 IST" finished-at="2020-06-19T10:08:58 IST">
          <reporter-output>
          </reporter-output>
        </test-method> <!-- tearDown -->
        <test-method status="PASS" signature="teacher_Receive_Push_Notification()[pri:0, instance:com.ude.portalen.testcases.TC_UDEMA_1985_New@6ca8564a]" name="teacher_Receive_Push_Notification" duration-ms="116542" started-at="2020-06-19T10:08:58 IST" finished-at="2020-06-19T10:10:54 IST">
          <reporter-output>
          </reporter-output>
        </test-method> <!-- teacher_Receive_Push_Notification -->
        <test-method status="PASS" signature="tearDown()[pri:0, instance:com.ude.portalen.testcases.TC_UDEMA_1985_New@6ca8564a]" name="tearDown" is-config="true" duration-ms="2" started-at="2020-06-19T10:10:54 IST" finished-at="2020-06-19T10:10:54 IST">
          <reporter-output>
          </reporter-output>
        </test-method> <!-- tearDown -->
      </class> <!-- com.ude.portalen.testcases.TC_UDEMA_1985_New -->
      <class name="com.ude.portalen.testcases.TC_UDEMA_1988">
        <test-method status="FAIL" signature="Parent_Receive_Push_Notification()[pri:0, instance:com.ude.portalen.testcases.TC_UDEMA_1988@50b472aa]" name="Parent_Receive_Push_Notification" duration-ms="194974" started-at="2020-06-19T10:10:55 IST" finished-at="2020-06-19T10:14:09 IST">
          <exception class="org.openqa.selenium.NoSuchSessionException">
            <message>
              <![CDATA[Session ID is null. Using WebDriver after calling quit()?
Build info: version: '3.12.0', revision: '7c6e0b3', time: '2018-05-08T14:04:26.12Z'
System info: host: 'Manjunaths-MacBook-Air.local', ip: 'fe80:0:0:0:c8e:9407:8b33:f291%en0', os.name: 'Mac OS X', os.arch: 'x86_64', os.version: '10.15.3', java.version: '1.8.0_151'
Driver info: driver.version: RemoteWebDriver]]>
            </message>
            <full-stacktrace>
              <![CDATA[org.openqa.selenium.NoSuchSessionException: Session ID is null. Using WebDriver after calling quit()?
Build info: version: '3.12.0', revision: '7c6e0b3', time: '2018-05-08T14:04:26.12Z'
System info: host: 'Manjunaths-MacBook-Air.local', ip: 'fe80:0:0:0:c8e:9407:8b33:f291%en0', os.name: 'Mac OS X', os.arch: 'x86_64', os.version: '10.15.3', java.version: '1.8.0_151'
Driver info: driver.version: RemoteWebDriver
at org.openqa.selenium.remote.HttpCommandExecutor.execute(HttpCommandExecutor.java:125)
at io.appium.java_client.remote.AppiumCommandExecutor.execute(AppiumCommandExecutor.java:231)
at org.openqa.selenium.remote.RemoteWebDriver.execute(RemoteWebDriver.java:543)
at io.appium.java_client.DefaultGenericMobileDriver.execute(DefaultGenericMobileDriver.java:46)
at io.appium.java_client.AppiumDriver.execute(AppiumDriver.java:1)
at io.appium.java_client.android.AndroidDriver.execute(AndroidDriver.java:1)
at org.openqa.selenium.remote.RemoteWebDriver.getScreenshotAs(RemoteWebDriver.java:289)
at com.ude.portalen.generic.Base_Class.captureScreenExtent(Base_Class.java:186)
at com.ude.portalen.testcases.TC_UDEMA_1988.Parent_Receive_Push_Notification(TC_UDEMA_1988.java:302)
at sun.reflect.NativeMethodAccessorImpl.invoke0(Native Method)
at sun.reflect.NativeMethodAccessorImpl.invoke(NativeMethodAccessorImpl.java:62)
at sun.reflect.DelegatingMethodAccessorImpl.invoke(DelegatingMethodAccessorImpl.java:43)
at java.lang.reflect.Method.invoke(Method.java:498)
at org.testng.internal.MethodInvocationHelper.invokeMethod(MethodInvocationHelper.java:133)
at org.testng.internal.TestInvoker.invokeMethod(TestInvoker.java:584)
at org.testng.internal.TestInvoker.invokeTestMethod(TestInvoker.java:172)
at org.testng.internal.MethodRunner.runInSequence(MethodRunner.java:46)
at org.testng.internal.TestInvoker$MethodInvocationAgent.invoke(TestInvoker.java:804)
at org.testng.internal.TestInvoker.invokeTestMethods(TestInvoker.java:145)
at org.testng.internal.TestMethodWorker.invokeTestMethods(TestMethodWorker.java:146)
at org.testng.internal.TestMethodWorker.run(TestMethodWorker.java:128)
at java.util.ArrayList.forEach(ArrayList.java:1255)
at org.testng.TestRunner.privateRun(TestRunner.java:770)
at org.testng.TestRunner.run(TestRunner.java:591)
at org.testng.SuiteRunner.runTest(SuiteRunner.java:402)
at org.testng.SuiteRunner.runSequentially(SuiteRunner.java:396)
at org.testng.SuiteRunner.privateRun(SuiteRunner.java:355)
at org.testng.SuiteRunner.run(SuiteRunner.java:304)
at org.testng.SuiteRunnerWorker.runSuite(SuiteRunnerWorker.java:53)
at org.testng.SuiteRunnerWorker.run(SuiteRunnerWorker.java:96)
at org.testng.TestNG.runSuitesSequentially(TestNG.java:1180)
at org.testng.TestNG.runSuitesLocally(TestNG.java:1102)
at org.testng.TestNG.runSuites(TestNG.java:1032)
at org.testng.TestNG.run(TestNG.java:1000)
at org.testng.remote.AbstractRemoteTestNG.run(AbstractRemoteTestNG.java:115)
at org.testng.remote.RemoteTestNG.initAndRun(RemoteTestNG.java:251)
at org.testng.remote.RemoteTestNG.main(RemoteTestNG.java:77)
]]>
            </full-stacktrace>
          </exception> <!-- org.openqa.selenium.NoSuchSessionException -->
          <reporter-output>
          </reporter-output>
        </test-method> <!-- Parent_Receive_Push_Notification -->
        <test-method status="PASS" signature="tearDown()[pri:0, instance:com.ude.portalen.testcases.TC_UDEMA_1988@50b472aa]" name="tearDown" is-config="true" duration-ms="993" started-at="2020-06-19T10:14:09 IST" finished-at="2020-06-19T10:14:10 IST">
          <reporter-output>
          </reporter-output>
        </test-method> <!-- tearDown -->
        <test-method status="PASS" signature="Student_Receive_Push_Notification()[pri:0, instance:com.ude.portalen.testcases.TC_UDEMA_1988@50b472aa]" name="Student_Receive_Push_Notification" duration-ms="188745" started-at="2020-06-19T10:14:10 IST" finished-at="2020-06-19T10:17:19 IST">
          <reporter-output>
          </reporter-output>
        </test-method> <!-- Student_Receive_Push_Notification -->
        <test-method status="PASS" signature="tearDown()[pri:0, instance:com.ude.portalen.testcases.TC_UDEMA_1988@50b472aa]" name="tearDown" is-config="true" duration-ms="11" started-at="2020-06-19T10:17:19 IST" finished-at="2020-06-19T10:17:19 IST">
          <reporter-output>
          </reporter-output>
        </test-method> <!-- tearDown -->
        <test-method status="PASS" signature="teacher_Receive_Push_Notification()[pri:0, instance:com.ude.portalen.testcases.TC_UDEMA_1988@50b472aa]" name="teacher_Receive_Push_Notification" duration-ms="126424" started-at="2020-06-19T10:17:19 IST" finished-at="2020-06-19T10:19:26 IST">
          <reporter-output>
          </reporter-output>
        </test-method> <!-- teacher_Receive_Push_Notification -->
        <test-method status="PASS" signature="tearDown()[pri:0, instance:com.ude.portalen.testcases.TC_UDEMA_1988@50b472aa]" name="tearDown" is-config="true" duration-ms="1" started-at="2020-06-19T10:19:26 IST" finished-at="2020-06-19T10:19:26 IST">
          <reporter-output>
          </reporter-output>
        </test-method> <!-- tearDown -->
      </class> <!-- com.ude.portalen.testcases.TC_UDEMA_1988 -->
    </test> <!-- Notifications -->
  </suite> <!-- PushNotifications -->
</testng-results>
